  [1m[35m (291.2ms)[0m  [1m[35mCREATE DATABASE "good_company_development" ENCODING = 'utf8'[0m
  [1m[35m (0.7ms)[0m  [1m[35mCREATE DATABASE "good_company_development" ENCODING = 'utf8'[0m
  [1m[35m (143.0ms)[0m  [1m[35mCREATE DATABASE "good_company_test" ENCODING = 'utf8'[0m
Started GET "/" for 127.0.0.1 at 2024-02-22 10:51:14 -0700
  [1m[35m (43.9ms)[0m  [1m[35mCREATE TABLE "schema_migrations" ("version" character varying NOT NULL PRIMARY KEY)[0m
  [1m[35m (10.8ms)[0m  [1m[35mCREATE TABLE "ar_internal_metadata" ("key" character varying NOT NULL PRIMARY KEY, "value" character varying, "created_at" timestamp(6) NOT NULL, "updated_at" timestamp(6) NOT NULL)[0m
  [1m[36mActiveRecord::SchemaMigration Pluck (0.6ms)[0m  [1m[34mSELECT "schema_migrations"."version" FROM "schema_migrations" ORDER BY "schema_migrations"."version" ASC[0m
  
ActiveRecord::PendingMigrationError (

Migrations are pending. To resolve this issue, run:

        bin/rails db:migrate RAILS_ENV=development

You have 1 pending migration:

20240222175023_create_homes.rb


):
  
activerecord (7.0.8.1) lib/active_record/migration.rb:662:in `check_pending!'
activerecord (7.0.8.1) lib/active_record/migration.rb:627:in `block (2 levels) in call'
activesupport (7.0.8.1) lib/active_support/file_update_checker.rb:83:in `execute'
activerecord (7.0.8.1) lib/active_record/migration.rb:632:in `block in call'
activerecord (7.0.8.1) lib/active_record/migration.rb:624:in `synchronize'
activerecord (7.0.8.1) lib/active_record/migration.rb:624:in `call'
actionpack (7.0.8.1) lib/action_dispatch/middleware/callbacks.rb:27:in `block in call'
activesupport (7.0.8.1) lib/active_support/callbacks.rb:99:in `run_callbacks'
actionpack (7.0.8.1) lib/action_dispatch/middleware/callbacks.rb:26:in `call'
actionpack (7.0.8.1) lib/action_dispatch/middleware/executor.rb:14:in `call'
actionpack (7.0.8.1) lib/action_dispatch/middleware/actionable_exceptions.rb:17:in `call'
actionpack (7.0.8.1) lib/action_dispatch/middleware/debug_exceptions.rb:28:in `call'
web-console (4.2.1) lib/web_console/middleware.rb:132:in `call_app'
web-console (4.2.1) lib/web_console/middleware.rb:28:in `block in call'
web-console (4.2.1) lib/web_console/middleware.rb:17:in `catch'
web-console (4.2.1) lib/web_console/middleware.rb:17:in `call'
actionpack (7.0.8.1) lib/action_dispatch/middleware/show_exceptions.rb:29:in `call'
railties (7.0.8.1) lib/rails/rack/logger.rb:40:in `call_app'
railties (7.0.8.1) lib/rails/rack/logger.rb:25:in `block in call'
activesupport (7.0.8.1) lib/active_support/tagged_logging.rb:99:in `block in tagged'
activesupport (7.0.8.1) lib/active_support/tagged_logging.rb:37:in `tagged'
activesupport (7.0.8.1) lib/active_support/tagged_logging.rb:99:in `tagged'
railties (7.0.8.1) lib/rails/rack/logger.rb:25:in `call'
sprockets-rails (3.4.2) lib/sprockets/rails/quiet_assets.rb:13:in `call'
actionpack (7.0.8.1) lib/action_dispatch/middleware/remote_ip.rb:93:in `call'
actionpack (7.0.8.1) lib/action_dispatch/middleware/request_id.rb:26:in `call'
rack (2.2.8.1) lib/rack/method_override.rb:24:in `call'
rack (2.2.8.1) lib/rack/runtime.rb:22:in `call'
activesupport (7.0.8.1) lib/active_support/cache/strategy/local_cache_middleware.rb:29:in `call'
actionpack (7.0.8.1) lib/action_dispatch/middleware/server_timing.rb:61:in `block in call'
actionpack (7.0.8.1) lib/action_dispatch/middleware/server_timing.rb:26:in `collect_events'
actionpack (7.0.8.1) lib/action_dispatch/middleware/server_timing.rb:60:in `call'
actionpack (7.0.8.1) lib/action_dispatch/middleware/executor.rb:14:in `call'
actionpack (7.0.8.1) lib/action_dispatch/middleware/static.rb:23:in `call'
rack (2.2.8.1) lib/rack/sendfile.rb:110:in `call'
actionpack (7.0.8.1) lib/action_dispatch/middleware/host_authorization.rb:138:in `call'
railties (7.0.8.1) lib/rails/engine.rb:530:in `call'
puma (5.6.8) lib/puma/configuration.rb:252:in `call'
puma (5.6.8) lib/puma/request.rb:77:in `block in handle_request'
puma (5.6.8) lib/puma/thread_pool.rb:340:in `with_force_shutdown'
puma (5.6.8) lib/puma/request.rb:76:in `handle_request'
puma (5.6.8) lib/puma/server.rb:443:in `process_client'
puma (5.6.8) lib/puma/thread_pool.rb:147:in `block in spawn_thread'
Started POST "/rails/actions" for 127.0.0.1 at 2024-02-22 10:51:25 -0700
  [1m[35m (1.1ms)[0m  [1m[34mSELECT pg_try_advisory_lock(4368039230534456925)[0m
  [1m[36mActiveRecord::SchemaMigration Pluck (0.4ms)[0m  [1m[34mSELECT "schema_migrations"."version" FROM "schema_migrations" ORDER BY "schema_migrations"."version" ASC[0m
Migrating to CreateHomes (20240222175023)
  [1m[36mTRANSACTION (2.0ms)[0m  [1m[35mBEGIN[0m
  [1m[35m (11.9ms)[0m  [1m[35mCREATE TABLE "homes" ("id" bigserial primary key, "created_at" timestamp(6) NOT NULL, "updated_at" timestamp(6) NOT NULL)[0m
  [1m[36mActiveRecord::SchemaMigration Create (0.9ms)[0m  [1m[32mINSERT INTO "schema_migrations" ("version") VALUES ($1) RETURNING "version"[0m  [["version", "20240222175023"]]
  [1m[36mTRANSACTION (2.4ms)[0m  [1m[35mCOMMIT[0m
  [1m[36mActiveRecord::InternalMetadata Load (0.4ms)[0m  [1m[34mSELECT "ar_internal_metadata".* FROM "ar_internal_metadata" WHERE "ar_internal_metadata"."key" = $1 LIMIT $2[0m  [["key", "environment"], ["LIMIT", 1]]
  [1m[36mTRANSACTION (0.4ms)[0m  [1m[35mBEGIN[0m
  [1m[36mActiveRecord::InternalMetadata Create (0.6ms)[0m  [1m[32mINSERT INTO "ar_internal_metadata" ("key", "value", "created_at", "updated_at") VALUES ($1, $2, $3, $4) RETURNING "key"[0m  [["key", "environment"], ["value", "development"], ["created_at", "2024-02-22 17:51:25.458175"], ["updated_at", "2024-02-22 17:51:25.458175"]]
  [1m[36mTRANSACTION (2.2ms)[0m  [1m[35mCOMMIT[0m
  [1m[35m (0.4ms)[0m  [1m[34mSELECT pg_advisory_unlock(4368039230534456925)[0m
  [1m[36mActiveRecord::SchemaMigration Pluck (0.8ms)[0m  [1m[34mSELECT "schema_migrations"."version" FROM "schema_migrations" ORDER BY "schema_migrations"."version" ASC[0m
Started GET "/" for 127.0.0.1 at 2024-02-22 10:51:25 -0700
  [1m[36mActiveRecord::SchemaMigration Pluck (0.4ms)[0m  [1m[34mSELECT "schema_migrations"."version" FROM "schema_migrations" ORDER BY "schema_migrations"."version" ASC[0m
Processing by HomesController#index as HTML
  Rendering layout layouts/application.html.erb
  Rendering homes/index.html.erb within layouts/application
  [1m[36mHome Load (1.4ms)[0m  [1m[34mSELECT "homes".* FROM "homes"[0m
  ↳ app/views/homes/index.html.erb:6
  Rendered homes/index.html.erb within layouts/application (Duration: 18.9ms | Allocations: 5077)
  Rendered layout layouts/application.html.erb (Duration: 19.3ms | Allocations: 5145)
Completed 500 Internal Server Error in 33ms (ActiveRecord: 1.4ms | Allocations: 9352)


  
ActionView::Template::Error (undefined local variable or method `new_home_path' for #<ActionView::Base:0x0000000000c0d0>
Did you mean?  new_polymorphic_path):
    11:   <% end %>
    12: </div>
    13: 
    14: <%= link_to "New home", new_home_path %>
  
app/views/homes/index.html.erb:14
Started GET "/" for 127.0.0.1 at 2024-02-22 10:53:04 -0700
Processing by HomesController#index as HTML
  Rendering layout layouts/application.html.erb
  Rendering homes/index.html.erb within layouts/application
  Rendered homes/index.html.erb within layouts/application (Duration: 1.6ms | Allocations: 283)
  Rendered layout layouts/application.html.erb (Duration: 1445.0ms | Allocations: 89925)
Completed 200 OK in 1449ms (Views: 1447.5ms | ActiveRecord: 0.0ms | Allocations: 90913)


Started GET "/" for 127.0.0.1 at 2024-02-22 10:59:01 -0700
Processing by HomesController#index as HTML
  Rendering layout layouts/application.html.erb
  Rendering homes/index.html.erb within layouts/application
  Rendered homes/index.html.erb within layouts/application (Duration: 0.6ms | Allocations: 368)
  Rendered layout layouts/application.html.erb (Duration: 747.9ms | Allocations: 16030)
Completed 200 OK in 753ms (Views: 749.6ms | ActiveRecord: 0.0ms | Allocations: 17011)


Started GET "/css/styles.css" for 127.0.0.1 at 2024-02-22 10:59:02 -0700
  
ActionController::RoutingError (No route matches [GET] "/css/styles.css"):
  
  
ActionController::RoutingError (No route matches [GET] "/assets/favicon.ico"):
  
Started GET "/" for 127.0.0.1 at 2024-02-22 11:12:03 -0700
Processing by HomesController#index as HTML
  Rendering layout layouts/application.html.erb
  Rendering homes/index.html.erb within layouts/application
  Rendered homes/index.html.erb within layouts/application (Duration: 1.7ms | Allocations: 340)
  Rendered layout layouts/application.html.erb (Duration: 2647.6ms | Allocations: 15834)
Completed 200 OK in 2654ms (Views: 2652.6ms | ActiveRecord: 0.0ms | Allocations: 16804)


Started GET "/css/styles.css" for 127.0.0.1 at 2024-02-22 11:12:06 -0700
  
ActionController::RoutingError (No route matches [GET] "/css/styles.css"):
  
  
ActionController::RoutingError (No route matches [GET] "/assets/favicon.ico"):
  
Started GET "/" for 127.0.0.1 at 2024-02-22 11:13:20 -0700
Processing by HomesController#index as HTML
  Rendering layout layouts/application.html.erb
  Rendering homes/index.html.erb within layouts/application
  Rendered homes/index.html.erb within layouts/application (Duration: 0.7ms | Allocations: 362)
  Rendered layout layouts/application.html.erb (Duration: 5.2ms | Allocations: 2189)
Completed 200 OK in 9ms (Views: 7.7ms | ActiveRecord: 0.0ms | Allocations: 3159)


Started GET "/css/styles.css" for 127.0.0.1 at 2024-02-22 11:13:20 -0700
  
ActionController::RoutingError (No route matches [GET] "/css/styles.css"):
  
Started GET "/" for 127.0.0.1 at 2024-02-22 11:13:31 -0700
Processing by HomesController#index as */*
  Rendering layout layouts/application.html.erb
  Rendering homes/index.html.erb within layouts/application
  Rendered homes/index.html.erb within layouts/application (Duration: 0.1ms | Allocations: 7)
  Rendered layout layouts/application.html.erb (Duration: 10.9ms | Allocations: 1399)
Completed 200 OK in 15ms (Views: 12.8ms | ActiveRecord: 0.0ms | Allocations: 1671)


Started GET "/" for 127.0.0.1 at 2024-02-22 11:18:04 -0700
Processing by HomesController#index as HTML
  Rendering layout layouts/application.html.erb
  Rendering homes/index.html.erb within layouts/application
  Rendered homes/index.html.erb within layouts/application (Duration: 3.9ms | Allocations: 1931)
  Rendered layout layouts/application.html.erb (Duration: 13200.4ms | Allocations: 19030)
Completed 200 OK in 13204ms (Views: 13203.2ms | ActiveRecord: 0.0ms | Allocations: 20000)


  
ActionController::RoutingError (No route matches [GET] "/assets/img/portfolio/2.jpg"):
  
  
ActionController::RoutingError (No route matches [GET] "/assets/img/about/3.jpg"):
  
  
ActionController::RoutingError (No route matches [GET] "/assets/img/about/1.jpg"):
  
  
ActionController::RoutingError (No route matches [GET] "/assets/img/portfolio/4.jpg"):
  
  
ActionController::RoutingError (No route matches [GET] "/assets/img/about/2.jpg"):
  
Started GET "/css/styles.css" for 127.0.0.1 at 2024-02-22 11:18:18 -0700
  
ActionController::RoutingError (No route matches [GET] "/css/styles.css"):
  
  
ActionController::RoutingError (No route matches [GET] "/assets/img/portfolio/5.jpg"):
  
  
ActionController::RoutingError (No route matches [GET] "/assets/img/portfolio/6.jpg"):
  
  
ActionController::RoutingError (No route matches [GET] "/assets/img/header-bg.jpg"):
  
  
ActionController::RoutingError (No route matches [GET] "/assets/img/logos/google.svg"):
  
  
ActionController::RoutingError (No route matches [GET] "/assets/img/logos/microsoft.svg"):
  
  
ActionController::RoutingError (No route matches [GET] "/assets/img/portfolio/1.jpg"):
  
  
ActionController::RoutingError (No route matches [GET] "/assets/img/logos/facebook.svg"):
  
  
ActionController::RoutingError (No route matches [GET] "/assets/img/portfolio/3.jpg"):
  
  
ActionController::RoutingError (No route matches [GET] "/assets/img/navbar-logo.svg"):
  
  
ActionController::RoutingError (No route matches [GET] "/assets/img/about/4.jpg"):
  
  
ActionController::RoutingError (No route matches [GET] "/assets/img/logos/ibm.svg"):
  
  
ActionController::RoutingError (No route matches [GET] "/assets/img/team/2.jpg"):
  
  
ActionController::RoutingError (No route matches [GET] "/assets/img/team/3.jpg"):
  
  
ActionController::RoutingError (No route matches [GET] "/assets/img/map-image.png"):
  
  
ActionController::RoutingError (No route matches [GET] "/assets/img/close-icon.svg"):
  
  
ActionController::RoutingError (No route matches [GET] "/assets/img/team/1.jpg"):
  
Started GET "/" for 127.0.0.1 at 2024-02-22 11:20:28 -0700
Processing by HomesController#index as HTML
  Rendering layout layouts/application.html.erb
  Rendering homes/index.html.erb within layouts/application
  Rendered homes/index.html.erb within layouts/application (Duration: 0.1ms | Allocations: 7)
  Rendered layout layouts/application.html.erb (Duration: 13.2ms | Allocations: 2164)
Completed 200 OK in 15ms (Views: 14.3ms | ActiveRecord: 0.0ms | Allocations: 2433)


Started GET "/css/styles.css" for 127.0.0.1 at 2024-02-22 11:20:28 -0700
  
ActionController::RoutingError (No route matches [GET] "/assets/img/about/3.jpg"):
  
  
ActionController::RoutingError (No route matches [GET] "/assets/img/about/4.jpg"):
  
  
ActionController::RoutingError (No route matches [GET] "/css/styles.css"):
  
  
ActionController::RoutingError (No route matches [GET] "/assets/img/logos/microsoft.svg"):
  
  
ActionController::RoutingError (No route matches [GET] "/assets/img/logos/ibm.svg"):
  
  
ActionController::RoutingError (No route matches [GET] "/assets/img/portfolio/4.jpg"):
  
  
ActionController::RoutingError (No route matches [GET] "/assets/img/about/1.jpg"):
  
  
ActionController::RoutingError (No route matches [GET] "/assets/img/portfolio/5.jpg"):
  
  
ActionController::RoutingError (No route matches [GET] "/assets/img/about/2.jpg"):
  
  
ActionController::RoutingError (No route matches [GET] "/assets/img/logos/google.svg"):
  
  
ActionController::RoutingError (No route matches [GET] "/assets/img/logos/facebook.svg"):
  
  
ActionController::RoutingError (No route matches [GET] "/assets/img/navbar-logo.svg"):
  
  
ActionController::RoutingError (No route matches [GET] "/assets/img/portfolio/1.jpg"):
  
  
ActionController::RoutingError (No route matches [GET] "/assets/img/portfolio/2.jpg"):
  
  
ActionController::RoutingError (No route matches [GET] "/assets/img/portfolio/3.jpg"):
  
  
ActionController::RoutingError (No route matches [GET] "/assets/img/portfolio/6.jpg"):
  
  
ActionController::RoutingError (No route matches [GET] "/assets/img/team/2.jpg"):
  
  
ActionController::RoutingError (No route matches [GET] "/assets/img/team/3.jpg"):
  
  
ActionController::RoutingError (No route matches [GET] "/assets/img/close-icon.svg"):
  
  
ActionController::RoutingError (No route matches [GET] "/assets/img/team/1.jpg"):
  
  
ActionController::RoutingError (No route matches [GET] "/assets/favicon.ico"):
  
Started GET "/" for 127.0.0.1 at 2024-02-22 13:07:01 -0700
Processing by HomesController#index as HTML
  Rendering layout layouts/application.html.erb
  Rendering homes/index.html.erb within layouts/application
  Rendered homes/index.html.erb within layouts/application (Duration: 3.0ms | Allocations: 1931)
  Rendered layout layouts/application.html.erb (Duration: 14.6ms | Allocations: 3681)
Completed 200 OK in 25ms (Views: 19.2ms | ActiveRecord: 0.0ms | Allocations: 4652)


  
ActionController::RoutingError (No route matches [GET] "/assets/img/navbar-logo.svg"):
  
  
ActionController::RoutingError (No route matches [GET] "/assets/img/portfolio/4.jpg"):
  
Started GET "/css/styles.css" for 127.0.0.1 at 2024-02-22 13:07:01 -0700
  
ActionController::RoutingError (No route matches [GET] "/assets/img/logos/facebook.svg"):
  
  
ActionController::RoutingError (No route matches [GET] "/assets/img/close-icon.svg"):
  
  
ActionController::RoutingError (No route matches [GET] "/css/styles.css"):
  
  
ActionController::RoutingError (No route matches [GET] "/assets/img/about/2.jpg"):
  
  
ActionController::RoutingError (No route matches [GET] "/assets/img/logos/microsoft.svg"):
  
  
ActionController::RoutingError (No route matches [GET] "/assets/img/portfolio/3.jpg"):
  
  
ActionController::RoutingError (No route matches [GET] "/assets/img/portfolio/2.jpg"):
  
  
ActionController::RoutingError (No route matches [GET] "/assets/img/portfolio/1.jpg"):
  
  
ActionController::RoutingError (No route matches [GET] "/assets/img/portfolio/6.jpg"):
  
  
ActionController::RoutingError (No route matches [GET] "/assets/img/portfolio/5.jpg"):
  
  
ActionController::RoutingError (No route matches [GET] "/assets/img/logos/google.svg"):
  
  
ActionController::RoutingError (No route matches [GET] "/assets/img/logos/ibm.svg"):
  
  
ActionController::RoutingError (No route matches [GET] "/assets/img/about/3.jpg"):
  
  
ActionController::RoutingError (No route matches [GET] "/assets/img/about/4.jpg"):
  
  
ActionController::RoutingError (No route matches [GET] "/assets/img/team/1.jpg"):
  
  
ActionController::RoutingError (No route matches [GET] "/assets/img/team/2.jpg"):
  
  
ActionController::RoutingError (No route matches [GET] "/assets/img/team/3.jpg"):
  
  
ActionController::RoutingError (No route matches [GET] "/assets/img/about/1.jpg"):
  
Started GET "/" for 127.0.0.1 at 2024-02-22 13:16:37 -0700
  [1m[36mActiveRecord::SchemaMigration Pluck (1.9ms)[0m  [1m[34mSELECT "schema_migrations"."version" FROM "schema_migrations" ORDER BY "schema_migrations"."version" ASC[0m
Processing by HomesController#index as HTML
  Rendering layout layouts/application.html.erb
  Rendering homes/index.html.erb within layouts/application
  Rendered homes/index.html.erb within layouts/application (Duration: 55405.9ms | Allocations: 112650)
  Rendered layout layouts/application.html.erb (Duration: 55427.2ms | Allocations: 129303)
Completed 200 OK in 56438ms (Views: 55456.2ms | ActiveRecord: 0.0ms | Allocations: 137382)


  
ActionController::RoutingError (No route matches [GET] "/assets/img/logos/microsoft.svg"):
  
Started GET "/css/styles.css" for 127.0.0.1 at 2024-02-22 13:17:41 -0700
  
ActionController::RoutingError (No route matches [GET] "/css/styles.css"):
  
  
ActionController::RoutingError (No route matches [GET] "/assets/img/logos/ibm.svg"):
  
  
ActionController::RoutingError (No route matches [GET] "/assets/img/about/1.jpg"):
  
  
ActionController::RoutingError (No route matches [GET] "/assets/img/about/3.jpg"):
  
  
ActionController::RoutingError (No route matches [GET] "/assets/img/logos/google.svg"):
  
  
ActionController::RoutingError (No route matches [GET] "/assets/img/portfolio/6.jpg"):
  
  
ActionController::RoutingError (No route matches [GET] "/assets/img/about/4.jpg"):
  
  
ActionController::RoutingError (No route matches [GET] "/assets/img/logos/facebook.svg"):
  
  
ActionController::RoutingError (No route matches [GET] "/assets/img/team/1.jpg"):
  
  
ActionController::RoutingError (No route matches [GET] "/assets/img/team/2.jpg"):
  
  
ActionController::RoutingError (No route matches [GET] "/assets/img/team/3.jpg"):
  
  
ActionController::RoutingError (No route matches [GET] "/assets/img/about/2.jpg"):
  
  
ActionController::RoutingError (No route matches [GET] "/assets/img/portfolio/1.jpg"):
  
  
ActionController::RoutingError (No route matches [GET] "/assets/img/portfolio/2.jpg"):
  
  
ActionController::RoutingError (No route matches [GET] "/assets/img/portfolio/4.jpg"):
  
  
ActionController::RoutingError (No route matches [GET] "/assets/img/portfolio/3.jpg"):
  
  
ActionController::RoutingError (No route matches [GET] "/assets/img/portfolio/5.jpg"):
  
  
ActionController::RoutingError (No route matches [GET] "/assets/img/close-icon.svg"):
  
Started GET "/" for 127.0.0.1 at 2024-02-22 13:41:57 -0700
  [1m[36mActiveRecord::SchemaMigration Pluck (0.6ms)[0m  [1m[34mSELECT "schema_migrations"."version" FROM "schema_migrations" ORDER BY "schema_migrations"."version" ASC[0m
Processing by HomesController#index as HTML
  Rendering layout layouts/application.html.erb
  Rendering homes/index.html.erb within layouts/application
  Rendered homes/index.html.erb within layouts/application (Duration: 86.3ms | Allocations: 56466)
  Rendered layout layouts/application.html.erb (Duration: 100.9ms | Allocations: 72147)
Completed 200 OK in 113ms (Views: 104.3ms | ActiveRecord: 0.0ms | Allocations: 78517)


  
ActionController::RoutingError (No route matches [GET] "/assets/stylesheets/application.css"):
  
Started GET "/" for 127.0.0.1 at 2024-02-22 13:44:01 -0700
Processing by HomesController#index as HTML
  Rendering layout layouts/application.html.erb
  Rendering homes/index.html.erb within layouts/application
  Rendered homes/index.html.erb within layouts/application (Duration: 15.3ms | Allocations: 10404)
  Rendered layout layouts/application.html.erb (Duration: 822.4ms | Allocations: 27323)
Completed 200 OK in 824ms (Views: 823.2ms | ActiveRecord: 0.0ms | Allocations: 27595)


  
ActionController::RoutingError (No route matches [GET] "/assets/stylesheets/application.css"):
  
Started GET "/images/header-bg.jpg" for 127.0.0.1 at 2024-02-22 13:44:02 -0700
  
ActionController::RoutingError (No route matches [GET] "/images/header-bg.jpg"):
  
  
ActionController::RoutingError (No route matches [GET] "/assets/img/map-image.png"):
  
Started GET "/" for 127.0.0.1 at 2024-02-22 13:44:06 -0700
Processing by HomesController#index as HTML
  Rendering layout layouts/application.html.erb
  Rendering homes/index.html.erb within layouts/application
  Rendered homes/index.html.erb within layouts/application (Duration: 17.2ms | Allocations: 10416)
  Rendered layout layouts/application.html.erb (Duration: 19.8ms | Allocations: 11825)
Completed 200 OK in 21ms (Views: 20.2ms | ActiveRecord: 0.0ms | Allocations: 12089)


  
ActionController::RoutingError (No route matches [GET] "/assets/stylesheets/application.css"):
  
Started GET "/" for 127.0.0.1 at 2024-02-22 13:44:15 -0700
Processing by HomesController#index as HTML
  Rendering layout layouts/application.html.erb
  Rendering homes/index.html.erb within layouts/application
  Rendered homes/index.html.erb within layouts/application (Duration: 11.5ms | Allocations: 10419)
  Rendered layout layouts/application.html.erb (Duration: 15.6ms | Allocations: 11827)
Completed 200 OK in 18ms (Views: 17.3ms | ActiveRecord: 0.0ms | Allocations: 12099)


  
ActionController::RoutingError (No route matches [GET] "/assets/stylesheets/application.css"):
  
Started GET "/" for 127.0.0.1 at 2024-02-22 13:48:24 -0700
Processing by HomesController#index as HTML
  Rendering layout layouts/application.html.erb
  Rendering homes/index.html.erb within layouts/application
  Rendered homes/index.html.erb within layouts/application (Duration: 37.7ms | Allocations: 10416)
  Rendered layout layouts/application.html.erb (Duration: 32951.8ms | Allocations: 28273)
Completed 200 OK in 32976ms (Views: 32952.9ms | ActiveRecord: 0.0ms | Allocations: 28537)


  
ActionController::RoutingError (No route matches [GET] "/assets/stylesheets/application.css"):
  
  
ActionController::RoutingError (No route matches [GET] "/assets/img/map-image.png"):
  
Started GET "/" for 127.0.0.1 at 2024-02-22 13:56:11 -0700
Processing by HomesController#index as HTML
  Rendering layout layouts/application.html.erb
  Rendering homes/index.html.erb within layouts/application
  Rendered homes/index.html.erb within layouts/application (Duration: 22.9ms | Allocations: 10449)
  Rendered layout layouts/application.html.erb (Duration: 4748.5ms | Allocations: 28409)
Completed 200 OK in 4751ms (Views: 4749.8ms | ActiveRecord: 0.0ms | Allocations: 28678)


  
ActionController::RoutingError (No route matches [GET] "/assets/stylesheets/application.css"):
  
  
ActionController::RoutingError (No route matches [GET] "/assets/img/map-image.png"):
  
Started GET "/" for 127.0.0.1 at 2024-02-22 13:56:22 -0700
Processing by HomesController#index as HTML
  Rendering layout layouts/application.html.erb
  Rendering homes/index.html.erb within layouts/application
  Rendered homes/index.html.erb within layouts/application (Duration: 19.3ms | Allocations: 10430)
  Rendered layout layouts/application.html.erb (Duration: 23.0ms | Allocations: 12016)
Completed 200 OK in 24ms (Views: 23.7ms | ActiveRecord: 0.0ms | Allocations: 12280)


  
ActionController::RoutingError (No route matches [GET] "/assets/stylesheets/application.css"):
  
  
ActionController::RoutingError (No route matches [GET] "/assets/favicon.ico"):
  
Started GET "/" for 127.0.0.1 at 2024-02-22 13:57:36 -0700
Processing by HomesController#index as HTML
  Rendering layout layouts/application.html.erb
  Rendering homes/index.html.erb within layouts/application
  Rendered homes/index.html.erb within layouts/application (Duration: 19.7ms | Allocations: 10515)
  Rendered layout layouts/application.html.erb (Duration: 767.2ms | Allocations: 27452)
Completed 200 OK in 770ms (Views: 768.6ms | ActiveRecord: 0.0ms | Allocations: 27721)


  
ActionController::RoutingError (No route matches [GET] "/assets/stylesheets/application.css"):
  
  
ActionController::RoutingError (No route matches [GET] "/assets/favicon.ico"):
  
  
ActionController::RoutingError (No route matches [GET] "/assets/img/map-image.png"):
  
Started GET "/" for 127.0.0.1 at 2024-02-22 14:01:01 -0700
Processing by HomesController#index as HTML
  Rendering layout layouts/application.html.erb
  Rendering homes/index.html.erb within layouts/application
  Rendered homes/index.html.erb within layouts/application (Duration: 14.7ms | Allocations: 12404)
  Rendered layout layouts/application.html.erb (Duration: 18.1ms | Allocations: 14236)
Completed 200 OK in 22ms (Views: 20.8ms | ActiveRecord: 0.0ms | Allocations: 15209)


  
ActionController::RoutingError (No route matches [GET] "/assets/stylesheets/application.css"):
  
  
ActionController::RoutingError (No route matches [GET] "/assets/stylesheets/application.css"):
  
Started GET "/" for 127.0.0.1 at 2024-02-22 14:01:49 -0700
Processing by HomesController#index as HTML
  Rendering layout layouts/application.html.erb
  Rendering homes/index.html.erb within layouts/application
  Rendered homes/index.html.erb within layouts/application (Duration: 19.2ms | Allocations: 12374)
  Rendered layout layouts/application.html.erb (Duration: 23.2ms | Allocations: 14204)
Completed 200 OK in 27ms (Views: 26.2ms | ActiveRecord: 0.0ms | Allocations: 15179)


  
ActionController::RoutingError (No route matches [GET] "/assets/stylesheets/application.css"):
  
Started GET "/" for 127.0.0.1 at 2024-02-22 14:02:40 -0700
Processing by HomesController#index as HTML
  Rendering layout layouts/application.html.erb
  Rendering homes/index.html.erb within layouts/application
  Rendered homes/index.html.erb within layouts/application (Duration: 15.4ms | Allocations: 10048)
  Rendered layout layouts/application.html.erb (Duration: 579.8ms | Allocations: 28288)
Completed 200 OK in 581ms (Views: 580.6ms | ActiveRecord: 0.0ms | Allocations: 28553)


  
ActionController::RoutingError (No route matches [GET] "/assets/stylesheets/application.css"):
  
  
ActionController::RoutingError (No route matches [GET] "/assets/img/map-image.png"):
  
  
ActionController::RoutingError (No route matches [GET] "/assets/img/map-image.png"):
  
  
ActionController::RoutingError (No route matches [GET] "/assets/img/map-image.png"):
  
  
ActionController::RoutingError (No route matches [GET] "/assets/img/map-image.png"):
  
  
ActionController::RoutingError (No route matches [GET] "/assets/img/map-image.png"):
  
Started GET "/" for 127.0.0.1 at 2024-02-22 14:06:01 -0700
Processing by HomesController#index as HTML
  Rendering layout layouts/application.html.erb
  Rendering homes/index.html.erb within layouts/application
  Rendered homes/index.html.erb within layouts/application (Duration: 16.6ms | Allocations: 12386)
  Rendered layout layouts/application.html.erb (Duration: 19.4ms | Allocations: 14246)
Completed 200 OK in 22ms (Views: 21.4ms | ActiveRecord: 0.0ms | Allocations: 15219)


  
ActionController::RoutingError (No route matches [GET] "/assets/stylesheets/application.css"):
  
  
ActionController::RoutingError (No route matches [GET] "/assets/stylesheets/application.css"):
  
  
ActionController::RoutingError (No route matches [GET] "/assets/img/map-image.png"):
  
  
ActionController::RoutingError (No route matches [GET] "/assets/img/map-image.png"):
  
  
ActionController::RoutingError (No route matches [GET] "/assets/img/map-image.png"):
  
  
ActionController::RoutingError (No route matches [GET] "/assets/img/map-image.png"):
  
  
ActionController::RoutingError (No route matches [GET] "/assets/img/map-image.png"):
  
  
ActionController::RoutingError (No route matches [GET] "/assets/img/map-image.png"):
  
  
ActionController::RoutingError (No route matches [GET] "/assets/img/map-image.png"):
  
  
ActionController::RoutingError (No route matches [GET] "/assets/img/map-image.png"):
  
  
ActionController::RoutingError (No route matches [GET] "/assets/img/map-image.png"):
  
Started GET "/" for 127.0.0.1 at 2024-02-22 14:08:55 -0700
Processing by HomesController#index as HTML
  Rendering layout layouts/application.html.erb
  Rendering homes/index.html.erb within layouts/application
  Rendered homes/index.html.erb within layouts/application (Duration: 25.6ms | Allocations: 10027)
  Rendered layout layouts/application.html.erb (Duration: 31.3ms | Allocations: 11628)
Completed 200 OK in 36ms (Views: 32.9ms | ActiveRecord: 0.0ms | Allocations: 11894)


  
ActionController::RoutingError (No route matches [GET] "/assets/stylesheets/application.css"):
  
  
ActionController::RoutingError (No route matches [GET] "/assets/stylesheets/application.css"):
  
Started GET "/" for 127.0.0.1 at 2024-02-22 14:10:17 -0700
Processing by HomesController#index as HTML
  Rendering layout layouts/application.html.erb
  Rendering homes/index.html.erb within layouts/application
  Rendered homes/index.html.erb within layouts/application (Duration: 15.2ms | Allocations: 10027)
  Rendered layout layouts/application.html.erb (Duration: 3259.1ms | Allocations: 26645)
Completed 200 OK in 3260ms (Views: 3259.7ms | ActiveRecord: 0.0ms | Allocations: 26909)


  
ActionController::RoutingError (No route matches [GET] "/assets/stylesheets/application.css"):
  
  
ActionController::RoutingError (No route matches [GET] "/assets/img/map-image.png"):
  
Started GET "/" for 127.0.0.1 at 2024-02-22 14:11:45 -0700
Processing by HomesController#index as HTML
  Rendering layout layouts/application.html.erb
  Rendering homes/index.html.erb within layouts/application
  Rendered homes/index.html.erb within layouts/application (Duration: 18.1ms | Allocations: 10027)
  Rendered layout layouts/application.html.erb (Duration: 599.0ms | Allocations: 27091)
Completed 200 OK in 600ms (Views: 599.7ms | ActiveRecord: 0.0ms | Allocations: 27355)


  
ActionController::RoutingError (No route matches [GET] "/assets/stylesheets/application.css"):
  
  
ActionController::RoutingError (No route matches [GET] "/assets/img/map-image.png"):
  
  
ActionController::RoutingError (No route matches [GET] "/assets/img/map-image.png"):
  
  
ActionController::RoutingError (No route matches [GET] "/assets/img/map-image.png"):
  
Started GET "/" for 127.0.0.1 at 2024-02-22 14:12:48 -0700
Processing by HomesController#index as HTML
  Rendering layout layouts/application.html.erb
  Rendering homes/index.html.erb within layouts/application
  Rendered homes/index.html.erb within layouts/application (Duration: 32.4ms | Allocations: 10027)
  Rendered layout layouts/application.html.erb (Duration: 40.2ms | Allocations: 11657)
Completed 200 OK in 42ms (Views: 41.4ms | ActiveRecord: 0.0ms | Allocations: 11921)


  
ActionController::RoutingError (No route matches [GET] "/assets/stylesheets/application.css"):
  
Started GET "/" for 127.0.0.1 at 2024-02-22 14:18:52 -0700
Processing by HomesController#index as HTML
  Rendering layout layouts/application.html.erb
  Rendering homes/index.html.erb within layouts/application
  Rendered homes/_header.html.erb (Duration: 1.9ms | Allocations: 102)
  Rendered homes/index.html.erb within layouts/application (Duration: 24.3ms | Allocations: 12592)
  Rendered layout layouts/application.html.erb (Duration: 27.8ms | Allocations: 14418)
Completed 200 OK in 31ms (Views: 30.3ms | ActiveRecord: 0.0ms | Allocations: 15394)


  
ActionController::RoutingError (No route matches [GET] "/assets/stylesheets/application.css"):
  
Started GET "/" for 127.0.0.1 at 2024-02-22 14:22:49 -0700
Processing by HomesController#index as HTML
  Rendering layout layouts/application.html.erb
  Rendering homes/index.html.erb within layouts/application
  Rendered homes/_header.html.erb (Duration: 0.9ms | Allocations: 101)
  Rendered homes/index.html.erb within layouts/application (Duration: 118.5ms | Allocations: 12545)
  Rendered layout layouts/application.html.erb (Duration: 137.5ms | Allocations: 14385)
Completed 200 OK in 155ms (Views: 149.3ms | ActiveRecord: 0.0ms | Allocations: 15355)


  
ActionController::RoutingError (No route matches [GET] "/assets/stylesheets/application.css"):
  
Started GET "/" for 127.0.0.1 at 2024-02-22 14:23:02 -0700
Processing by HomesController#index as HTML
  Rendering layout layouts/application.html.erb
  Rendering homes/index.html.erb within layouts/application
  Rendered homes/_header.html.erb (Duration: 1.0ms | Allocations: 101)
  Rendered homes/index.html.erb within layouts/application (Duration: 97.4ms | Allocations: 12588)
  Rendered layout layouts/application.html.erb (Duration: 104.8ms | Allocations: 14432)
Completed 200 OK in 124ms (Views: 118.8ms | ActiveRecord: 0.0ms | Allocations: 15407)


  
ActionController::RoutingError (No route matches [GET] "/assets/stylesheets/application.css"):
  
Started GET "/" for 127.0.0.1 at 2024-02-22 14:29:46 -0700
Processing by HomesController#index as HTML
  Rendering layout layouts/application.html.erb
  Rendering homes/index.html.erb within layouts/application
  Rendered homes/_header.html.erb (Duration: 1239.4ms | Allocations: 127)
  Rendered homes/index.html.erb within layouts/application (Duration: 2748.5ms | Allocations: 12587)
  Rendered layout layouts/application.html.erb (Duration: 3455.9ms | Allocations: 14454)
Completed 200 OK in 9724ms (Views: 9262.3ms | ActiveRecord: 0.0ms | Allocations: 15433)


Started GET "/" for 127.0.0.1 at 2024-02-22 14:38:25 -0700
Processing by HomesController#index as HTML
  Rendering layout layouts/application.html.erb
  Rendering homes/index.html.erb within layouts/application
  Rendered homes/_header.html.erb (Duration: 0.1ms | Allocations: 9)
  Rendered homes/index.html.erb within layouts/application (Duration: 115.9ms | Allocations: 10062)
  Rendered layout layouts/application.html.erb (Duration: 299674.0ms | Allocations: 28493)
Completed 200 OK in 299751ms (Views: 299748.4ms | ActiveRecord: 0.0ms | Allocations: 28756)


  
ActionController::RoutingError (No route matches [GET] "/assets/img/map-image.png"):
  
